<?xml version="1.0" encoding="UTF-8"?>
<!-- Generated by org.testng.reporters.JUnitReportReporter -->
<testsuite hostname="QA-1790" failures="0" tests="1" name="testPackage.TestClass" time="5.579" errors="0" timestamp="19 Jun 2025 18:11:05 GMT" skipped="0">
  <testcase classname="testPackage.TestClass" name="a" time="5.579"/>
</testsuite> <!-- testPackage.TestClass -->
